# JRE version: OpenJDK Runtime Environment Temurin-25.0.1+8 (25.0.1+8) (build 25.0.1+8-LTS)
# Java VM: OpenJDK 64-Bit Server VM Temurin-25.0.1+8 (25.0.1+8-LTS, mixed mode, sharing, tiered, compressed oops, compressed class ptrs, g1 gc, windows-amd64)
GC Precious Log:
 CardTable entry size: 512
 Card Set container configuration: InlinePtr #cards 4 size 8 Array Of Cards #cards 16 size 48 Howl #buckets 8 coarsen threshold 3686 Howl Bitmap #cards 512 size 80 coarsen threshold 460 Card regions per heap region 1 cards per card region 4096
 CPUs: 8 total, 8 available
 Memory: 16106M
 Large Page Support: Disabled
 NUMA Support: Disabled
 Compressed Oops: Enabled (Zero based)
 Heap Region Size: 2M
 Heap Min Capacity: 8M
 Heap Initial Capacity: 252M
 Heap Max Capacity: 4028M
 Pre-touch: Disabled
 Parallel Workers: 8
 Concurrent Workers: 2
 Concurrent Refinement Workers: 8
 Periodic GC: Disabled
Heap:
 garbage-first heap   total reserved 4124672K, committed 108544K, used 54282K [0x0000000704400000, 0x0000000800000000)
  region size 2048K, 11 young (22528K), 2 survivors (4096K)
GC Heap Usage History (20 events):
Event: 1.907 {heap Before GC invocations=1 (full 0):
 garbage-first heap   total reserved 4124672K, committed 260096K, used 59713K [0x0000000704400000, 0x0000000800000000)
  region size 2048K, 28 young (57344K), 3 survivors (6144K)
}
Event: 1.916 {heap After GC invocations=2 (full 0):
 garbage-first heap   total reserved 4124672K, committed 260096K, used 17745K [0x0000000704400000, 0x0000000800000000)
  region size 2048K, 7 young (14336K), 7 survivors (14336K)
}
Event: 3.034 {heap Before GC invocations=3 (full 0):
 garbage-first heap   total reserved 4124672K, committed 69632K, used 66897K [0x0000000704400000, 0x0000000800000000)
  region size 2048K, 31 young (63488K), 7 survivors (14336K)
}
Event: 3.049 {heap After GC invocations=4 (full 0):
 garbage-first heap   total reserved 4124672K, committed 90112K, used 22418K [0x0000000704400000, 0x0000000800000000)
  region size 2048K, 6 young (12288K), 6 survivors (12288K)
}
Event: 3.627 {heap Before GC invocations=4 (full 0):
 garbage-first heap   total reserved 4124672K, committed 90112K, used 49042K [0x0000000704400000, 0x0000000800000000)
  region size 2048K, 20 young (40960K), 6 survivors (12288K)
}
Event: 3.638 {heap After GC invocations=5 (full 0):
 garbage-first heap   total reserved 4124672K, committed 90112K, used 25167K [0x0000000704400000, 0x0000000800000000)
  region size 2048K, 2 young (4096K), 2 survivors (4096K)
}
Event: 3.663 {heap Before GC invocations=5 (full 0):
 garbage-first heap   total reserved 4124672K, committed 90112K, used 25167K [0x0000000704400000, 0x0000000800000000)
  region size 2048K, 3 young (6144K), 2 survivors (4096K)
}
Event: 3.665 {heap After GC invocations=6 (full 0):
 garbage-first heap   total reserved 4124672K, committed 90112K, used 24602K [0x0000000704400000, 0x0000000800000000)
  region size 2048K, 2 young (4096K), 2 survivors (4096K)
}
Event: 4.705 {heap Before GC invocations=7 (full 0):
 garbage-first heap   total reserved 4124672K, committed 90112K, used 65562K [0x0000000704400000, 0x0000000800000000)
  region size 2048K, 22 young (45056K), 2 survivors (4096K)
}
Event: 4.710 {heap After GC invocations=8 (full 0):
 garbage-first heap   total reserved 4124672K, committed 90112K, used 28214K [0x0000000704400000, 0x0000000800000000)
  region size 2048K, 3 young (6144K), 3 survivors (6144K)
}
Event: 5.369 {heap Before GC invocations=8 (full 0):
 garbage-first heap   total reserved 4124672K, committed 90112K, used 58934K [0x0000000704400000, 0x0000000800000000)
  region size 2048K, 19 young (38912K), 3 survivors (6144K)
}
Event: 5.379 {heap After GC invocations=9 (full 0):
 garbage-first heap   total reserved 4124672K, committed 90112K, used 29995K [0x0000000704400000, 0x0000000800000000)
  region size 2048K, 2 young (4096K), 2 survivors (4096K)
}
Event: 5.404 {heap Before GC invocations=9 (full 0):
 garbage-first heap   total reserved 4124672K, committed 90112K, used 29995K [0x0000000704400000, 0x0000000800000000)
  region size 2048K, 3 young (6144K), 2 survivors (4096K)
}
Event: 5.407 {heap After GC invocations=10 (full 0):
 garbage-first heap   total reserved 4124672K, committed 90112K, used 29707K [0x0000000704400000, 0x0000000800000000)
  region size 2048K, 1 young (2048K), 1 survivors (2048K)
}
Event: 6.381 {heap Before GC invocations=11 (full 0):
 garbage-first heap   total reserved 4124672K, committed 90112K, used 74763K [0x0000000704400000, 0x0000000800000000)
  region size 2048K, 23 young (47104K), 1 survivors (2048K)
}
Event: 6.385 {heap After GC invocations=12 (full 0):
 garbage-first heap   total reserved 4124672K, committed 90112K, used 32241K [0x0000000704400000, 0x0000000800000000)
  region size 2048K, 3 young (6144K), 3 survivors (6144K)
}
Event: 7.088 {heap Before GC invocations=12 (full 0):
 garbage-first heap   total reserved 4124672K, committed 90112K, used 75249K [0x0000000704400000, 0x0000000800000000)
  region size 2048K, 24 young (49152K), 3 survivors (6144K)
}
Event: 7.097 {heap After GC invocations=13 (full 0):
 garbage-first heap   total reserved 4124672K, committed 90112K, used 34967K [0x0000000704400000, 0x0000000800000000)
  region size 2048K, 3 young (6144K), 3 survivors (6144K)
}
Event: 7.745 {heap Before GC invocations=13 (full 0):
 garbage-first heap   total reserved 4124672K, committed 90112K, used 73879K [0x0000000704400000, 0x0000000800000000)
  region size 2048K, 23 young (47104K), 3 survivors (6144K)
}
Event: 7.751 {heap After GC invocations=14 (full 0):
 garbage-first heap   total reserved 4124672K, committed 108544K, used 37898K [0x0000000704400000, 0x0000000800000000)
  region size 2048K, 2 young (4096K), 2 survivors (4096K)
}

