# JRE version: OpenJDK Runtime Environment Temurin-21.0.10+7 (21.0.10+7) (build 21.0.10+7-LTS)
# Java VM: OpenJDK 64-Bit Server VM Temurin-21.0.10+7 (21.0.10+7-LTS, mixed mode, sharing, tiered, compressed oops, compressed class ptrs, parallel gc, windows-amd64)
GC Precious Log:
 CardTable entry size: 512
 CPUs: 8 total, 8 available
 Memory: 16106M
 Large Page Support: Disabled
 NUMA Support: Disabled
 Compressed Oops: Enabled (32-bit)
 Alignments: Space 512K, Generation 512K, Heap 2M
 Heap Min Capacity: 100M
 Heap Initial Capacity: 100M
 Heap Max Capacity: 2G
 Pre-touch: Disabled
 Parallel Workers: 8
Heap:
 PSYoungGen      total 5632K, used 3558K [0x00000000d5580000, 0x00000000d5c00000, 0x0000000100000000)
  eden space 4608K, 57% used [0x00000000d5580000,0x00000000d5818810,0x00000000d5a00000)
  from space 1024K, 87% used [0x00000000d5a00000,0x00000000d5ae1210,0x00000000d5b00000)
  to   space 1024K, 0% used [0x00000000d5b00000,0x00000000d5b00000,0x00000000d5c00000)
 ParOldGen       total 668672K, used 622256K [0x0000000080000000, 0x00000000a8d00000, 0x00000000d5580000)
  object space 668672K, 93% used [0x0000000080000000,0x00000000a5fac368,0x00000000a8d00000)
 Metaspace       used 82791K, committed 84736K, reserved 1179648K
  class space    used 8653K, committed 9536K, reserved 1048576K
GC Heap History (20 events):
Event: 2370.061 GC heap before
{Heap before GC invocations=648 (full 4):
 PSYoungGen      total 5632K, used 5604K [0x00000000d5580000, 0x00000000d5d00000, 0x0000000100000000)
  eden space 4608K, 100% used [0x00000000d5580000,0x00000000d5a00000,0x00000000d5a00000)
  from space 1024K, 97% used [0x00000000d5a00000,0x00000000d5af9210,0x00000000d5b00000)
  to   space 1536K, 0% used [0x00000000d5b80000,0x00000000d5b80000,0x00000000d5d00000)
 ParOldGen       total 668672K, used 616007K [0x0000000080000000, 0x00000000a8d00000, 0x00000000d5580000)
  object space 668672K, 92% used [0x0000000080000000,0x00000000a5991e98,0x00000000a8d00000)
 Metaspace       used 82662K, committed 84672K, reserved 1179648K
  class space    used 8641K, committed 9536K, reserved 1048576K
}
Event: 2370.063 GC heap after
{Heap after GC invocations=648 (full 4):
 PSYoungGen      total 5632K, used 576K [0x00000000d5580000, 0x00000000d5c80000, 0x0000000100000000)
  eden space 4608K, 0% used [0x00000000d5580000,0x00000000d5580000,0x00000000d5a00000)
  from space 1024K, 56% used [0x00000000d5b80000,0x00000000d5c10000,0x00000000d5c80000)
  to   space 1024K, 0% used [0x00000000d5a00000,0x00000000d5a00000,0x00000000d5b00000)
 ParOldGen       total 668672K, used 616869K [0x0000000080000000, 0x00000000a8d00000, 0x00000000d5580000)
  object space 668672K, 92% used [0x0000000080000000,0x00000000a5a69788,0x00000000a8d00000)
 Metaspace       used 82662K, committed 84672K, reserved 1179648K
  class space    used 8641K, committed 9536K, reserved 1048576K
}
Event: 2370.101 GC heap before
{Heap before GC invocations=649 (full 4):
 PSYoungGen      total 5632K, used 5184K [0x00000000d5580000, 0x00000000d5c80000, 0x0000000100000000)
  eden space 4608K, 100% used [0x00000000d5580000,0x00000000d5a00000,0x00000000d5a00000)
  from space 1024K, 56% used [0x00000000d5b80000,0x00000000d5c10000,0x00000000d5c80000)
  to   space 1024K, 0% used [0x00000000d5a00000,0x00000000d5a00000,0x00000000d5b00000)
 ParOldGen       total 668672K, used 616869K [0x0000000080000000, 0x00000000a8d00000, 0x00000000d5580000)
  object space 668672K, 92% used [0x0000000080000000,0x00000000a5a69788,0x00000000a8d00000)
 Metaspace       used 82666K, committed 84672K, reserved 1179648K
  class space    used 8641K, committed 9536K, reserved 1048576K
}
Event: 2370.104 GC heap after
{Heap after GC invocations=649 (full 4):
 PSYoungGen      total 5632K, used 993K [0x00000000d5580000, 0x00000000d5e00000, 0x0000000100000000)
  eden space 4608K, 0% used [0x00000000d5580000,0x00000000d5580000,0x00000000d5a00000)
  from space 1024K, 97% used [0x00000000d5a00000,0x00000000d5af8788,0x00000000d5b00000)
  to   space 2048K, 0% used [0x00000000d5c00000,0x00000000d5c00000,0x00000000d5e00000)
 ParOldGen       total 668672K, used 617377K [0x0000000080000000, 0x00000000a8d00000, 0x00000000d5580000)
  object space 668672K, 92% used [0x0000000080000000,0x00000000a5ae87b8,0x00000000a8d00000)
 Metaspace       used 82666K, committed 84672K, reserved 1179648K
  class space    used 8641K, committed 9536K, reserved 1048576K
}
Event: 2370.121 GC heap before
{Heap before GC invocations=650 (full 4):
 PSYoungGen      total 5632K, used 5601K [0x00000000d5580000, 0x00000000d5e00000, 0x0000000100000000)
  eden space 4608K, 100% used [0x00000000d5580000,0x00000000d5a00000,0x00000000d5a00000)
  from space 1024K, 97% used [0x00000000d5a00000,0x00000000d5af8788,0x00000000d5b00000)
  to   space 2048K, 0% used [0x00000000d5c00000,0x00000000d5c00000,0x00000000d5e00000)
 ParOldGen       total 668672K, used 617377K [0x0000000080000000, 0x00000000a8d00000, 0x00000000d5580000)
  object space 668672K, 92% used [0x0000000080000000,0x00000000a5ae87b8,0x00000000a8d00000)
 Metaspace       used 82667K, committed 84672K, reserved 1179648K
  class space    used 8641K, committed 9536K, reserved 1048576K
}
Event: 2370.123 GC heap after
{Heap after GC invocations=650 (full 4):
 PSYoungGen      total 5632K, used 830K [0x00000000d5580000, 0x00000000d5d00000, 0x0000000100000000)
  eden space 4608K, 0% used [0x00000000d5580000,0x00000000d5580000,0x00000000d5a00000)
  from space 1024K, 81% used [0x00000000d5c00000,0x00000000d5ccf978,0x00000000d5d00000)
  to   space 1536K, 0% used [0x00000000d5a00000,0x00000000d5a00000,0x00000000d5b80000)
 ParOldGen       total 668672K, used 618383K [0x0000000080000000, 0x00000000a8d00000, 0x00000000d5580000)
  object space 668672K, 92% used [0x0000000080000000,0x00000000a5be3f60,0x00000000a8d00000)
 Metaspace       used 82667K, committed 84672K, reserved 1179648K
  class space    used 8641K, committed 9536K, reserved 1048576K
}
Event: 2370.154 GC heap before
{Heap before GC invocations=651 (full 4):
 PSYoungGen      total 5632K, used 5438K [0x00000000d5580000, 0x00000000d5d00000, 0x0000000100000000)
  eden space 4608K, 100% used [0x00000000d5580000,0x00000000d5a00000,0x00000000d5a00000)
  from space 1024K, 81% used [0x00000000d5c00000,0x00000000d5ccf978,0x00000000d5d00000)
  to   space 1536K, 0% used [0x00000000d5a00000,0x00000000d5a00000,0x00000000d5b80000)
 ParOldGen       total 668672K, used 618383K [0x0000000080000000, 0x00000000a8d00000, 0x00000000d5580000)
  object space 668672K, 92% used [0x0000000080000000,0x00000000a5be3f60,0x00000000a8d00000)
 Metaspace       used 82671K, committed 84672K, reserved 1179648K
  class space    used 8641K, committed 9536K, reserved 1048576K
}
Event: 2370.157 GC heap after
{Heap after GC invocations=651 (full 4):
 PSYoungGen      total 6144K, used 938K [0x00000000d5580000, 0x00000000d5c80000, 0x0000000100000000)
  eden space 4608K, 0% used [0x00000000d5580000,0x00000000d5580000,0x00000000d5a00000)
  from space 1536K, 61% used [0x00000000d5a00000,0x00000000d5aeab58,0x00000000d5b80000)
  to   space 1024K, 0% used [0x00000000d5b80000,0x00000000d5b80000,0x00000000d5c80000)
 ParOldGen       total 668672K, used 619164K [0x0000000080000000, 0x00000000a8d00000, 0x00000000d5580000)
  object space 668672K, 92% used [0x0000000080000000,0x00000000a5ca7100,0x00000000a8d00000)
 Metaspace       used 82671K, committed 84672K, reserved 1179648K
  class space    used 8641K, committed 9536K, reserved 1048576K
}
Event: 2370.188 GC heap before
{Heap before GC invocations=652 (full 4):
 PSYoungGen      total 6144K, used 5546K [0x00000000d5580000, 0x00000000d5c80000, 0x0000000100000000)
  eden space 4608K, 100% used [0x00000000d5580000,0x00000000d5a00000,0x00000000d5a00000)
  from space 1536K, 61% used [0x00000000d5a00000,0x00000000d5aeab58,0x00000000d5b80000)
  to   space 1024K, 0% used [0x00000000d5b80000,0x00000000d5b80000,0x00000000d5c80000)
 ParOldGen       total 668672K, used 619164K [0x0000000080000000, 0x00000000a8d00000, 0x00000000d5580000)
  object space 668672K, 92% used [0x0000000080000000,0x00000000a5ca7100,0x00000000a8d00000)
 Metaspace       used 82674K, committed 84672K, reserved 1179648K
  class space    used 8641K, committed 9536K, reserved 1048576K
}
Event: 2370.190 GC heap after
{Heap after GC invocations=652 (full 4):
 PSYoungGen      total 5632K, used 532K [0x00000000d5580000, 0x00000000d5c80000, 0x0000000100000000)
  eden space 4608K, 0% used [0x00000000d5580000,0x00000000d5580000,0x00000000d5a00000)
  from space 1024K, 52% used [0x00000000d5b80000,0x00000000d5c05200,0x00000000d5c80000)
  to   space 1024K, 0% used [0x00000000d5a80000,0x00000000d5a80000,0x00000000d5b80000)
 ParOldGen       total 668672K, used 619412K [0x0000000080000000, 0x00000000a8d00000, 0x00000000d5580000)
  object space 668672K, 92% used [0x0000000080000000,0x00000000a5ce5100,0x00000000a8d00000)
 Metaspace       used 82674K, committed 84672K, reserved 1179648K
  class space    used 8641K, committed 9536K, reserved 1048576K
}
Event: 2370.221 GC heap before
{Heap before GC invocations=653 (full 4):
 PSYoungGen      total 5632K, used 5140K [0x00000000d5580000, 0x00000000d5c80000, 0x0000000100000000)
  eden space 4608K, 100% used [0x00000000d5580000,0x00000000d5a00000,0x00000000d5a00000)
  from space 1024K, 52% used [0x00000000d5b80000,0x00000000d5c05200,0x00000000d5c80000)
  to   space 1024K, 0% used [0x00000000d5a80000,0x00000000d5a80000,0x00000000d5b80000)
 ParOldGen       total 668672K, used 619412K [0x0000000080000000, 0x00000000a8d00000, 0x00000000d5580000)
  object space 668672K, 92% used [0x0000000080000000,0x00000000a5ce5100,0x00000000a8d00000)
 Metaspace       used 82676K, committed 84672K, reserved 1179648K
  class space    used 8641K, committed 9536K, reserved 1048576K
}
Event: 2370.223 GC heap after
{Heap after GC invocations=653 (full 4):
 PSYoungGen      total 5632K, used 700K [0x00000000d5580000, 0x00000000d5c00000, 0x0000000100000000)
  eden space 4608K, 0% used [0x00000000d5580000,0x00000000d5580000,0x00000000d5a00000)
  from space 1024K, 68% used [0x00000000d5a80000,0x00000000d5b2f3e8,0x00000000d5b80000)
  to   space 512K, 0% used [0x00000000d5b80000,0x00000000d5b80000,0x00000000d5c00000)
 ParOldGen       total 668672K, used 619824K [0x0000000080000000, 0x00000000a8d00000, 0x00000000d5580000)
  object space 668672K, 92% used [0x0000000080000000,0x00000000a5d4c310,0x00000000a8d00000)
 Metaspace       used 82676K, committed 84672K, reserved 1179648K
  class space    used 8641K, committed 9536K, reserved 1048576K
}
Event: 2370.279 GC heap before
{Heap before GC invocations=654 (full 4):
 PSYoungGen      total 5632K, used 5308K [0x00000000d5580000, 0x00000000d5c00000, 0x0000000100000000)
  eden space 4608K, 100% used [0x00000000d5580000,0x00000000d5a00000,0x00000000d5a00000)
  from space 1024K, 68% used [0x00000000d5a80000,0x00000000d5b2f3e8,0x00000000d5b80000)
  to   space 512K, 0% used [0x00000000d5b80000,0x00000000d5b80000,0x00000000d5c00000)
 ParOldGen       total 668672K, used 619824K [0x0000000080000000, 0x00000000a8d00000, 0x00000000d5580000)
  object space 668672K, 92% used [0x0000000080000000,0x00000000a5d4c310,0x00000000a8d00000)
 Metaspace       used 82755K, committed 84736K, reserved 1179648K
  class space    used 8653K, committed 9536K, reserved 1048576K
}
Event: 2370.281 GC heap after
{Heap after GC invocations=654 (full 4):
 PSYoungGen      total 5120K, used 480K [0x00000000d5580000, 0x00000000d5d00000, 0x0000000100000000)
  eden space 4608K, 0% used [0x00000000d5580000,0x00000000d5580000,0x00000000d5a00000)
  from space 512K, 93% used [0x00000000d5b80000,0x00000000d5bf8140,0x00000000d5c00000)
  to   space 1536K, 0% used [0x00000000d5a00000,0x00000000d5a00000,0x00000000d5b80000)
 ParOldGen       total 668672K, used 620647K [0x0000000080000000, 0x00000000a8d00000, 0x00000000d5580000)
  object space 668672K, 92% used [0x0000000080000000,0x00000000a5e19c80,0x00000000a8d00000)
 Metaspace       used 82755K, committed 84736K, reserved 1179648K
  class space    used 8653K, committed 9536K, reserved 1048576K
}
Event: 2370.327 GC heap before
{Heap before GC invocations=655 (full 4):
 PSYoungGen      total 5120K, used 5088K [0x00000000d5580000, 0x00000000d5d00000, 0x0000000100000000)
  eden space 4608K, 100% used [0x00000000d5580000,0x00000000d5a00000,0x00000000d5a00000)
  from space 512K, 93% used [0x00000000d5b80000,0x00000000d5bf8140,0x00000000d5c00000)
  to   space 1536K, 0% used [0x00000000d5a00000,0x00000000d5a00000,0x00000000d5b80000)
 ParOldGen       total 668672K, used 620647K [0x0000000080000000, 0x00000000a8d00000, 0x00000000d5580000)
  object space 668672K, 92% used [0x0000000080000000,0x00000000a5e19c80,0x00000000a8d00000)
 Metaspace       used 82769K, committed 84736K, reserved 1179648K
  class space    used 8653K, committed 9536K, reserved 1048576K
}
Event: 2370.330 GC heap after
{Heap after GC invocations=655 (full 4):
 PSYoungGen      total 5632K, used 724K [0x00000000d5580000, 0x00000000d5c00000, 0x0000000100000000)
  eden space 4608K, 0% used [0x00000000d5580000,0x00000000d5580000,0x00000000d5a00000)
  from space 1024K, 70% used [0x00000000d5a00000,0x00000000d5ab5200,0x00000000d5b00000)
  to   space 1024K, 0% used [0x00000000d5b00000,0x00000000d5b00000,0x00000000d5c00000)
 ParOldGen       total 668672K, used 621118K [0x0000000080000000, 0x00000000a8d00000, 0x00000000d5580000)
  object space 668672K, 92% used [0x0000000080000000,0x00000000a5e8f998,0x00000000a8d00000)
 Metaspace       used 82769K, committed 84736K, reserved 1179648K
  class space    used 8653K, committed 9536K, reserved 1048576K
}
Event: 2370.342 GC heap before
{Heap before GC invocations=656 (full 4):
 PSYoungGen      total 5632K, used 5332K [0x00000000d5580000, 0x00000000d5c00000, 0x0000000100000000)
  eden space 4608K, 100% used [0x00000000d5580000,0x00000000d5a00000,0x00000000d5a00000)
  from space 1024K, 70% used [0x00000000d5a00000,0x00000000d5ab5200,0x00000000d5b00000)
  to   space 1024K, 0% used [0x00000000d5b00000,0x00000000d5b00000,0x00000000d5c00000)
 ParOldGen       total 668672K, used 621118K [0x0000000080000000, 0x00000000a8d00000, 0x00000000d5580000)
  object space 668672K, 92% used [0x0000000080000000,0x00000000a5e8f998,0x00000000a8d00000)
 Metaspace       used 82780K, committed 84736K, reserved 1179648K
  class space    used 8653K, committed 9536K, reserved 1048576K
}
Event: 2370.344 GC heap after
{Heap after GC invocations=656 (full 4):
 PSYoungGen      total 5632K, used 720K [0x00000000d5580000, 0x00000000d5c00000, 0x0000000100000000)
  eden space 4608K, 0% used [0x00000000d5580000,0x00000000d5580000,0x00000000d5a00000)
  from space 1024K, 70% used [0x00000000d5b00000,0x00000000d5bb4010,0x00000000d5c00000)
  to   space 1024K, 0% used [0x00000000d5a00000,0x00000000d5a00000,0x00000000d5b00000)
 ParOldGen       total 668672K, used 621696K [0x0000000080000000, 0x00000000a8d00000, 0x00000000d5580000)
  object space 668672K, 92% used [0x0000000080000000,0x00000000a5f20338,0x00000000a8d00000)
 Metaspace       used 82780K, committed 84736K, reserved 1179648K
  class space    used 8653K, committed 9536K, reserved 1048576K
}
Event: 2370.369 GC heap before
{Heap before GC invocations=657 (full 4):
 PSYoungGen      total 5632K, used 5328K [0x00000000d5580000, 0x00000000d5c00000, 0x0000000100000000)
  eden space 4608K, 100% used [0x00000000d5580000,0x00000000d5a00000,0x00000000d5a00000)
  from space 1024K, 70% used [0x00000000d5b00000,0x00000000d5bb4010,0x00000000d5c00000)
  to   space 1024K, 0% used [0x00000000d5a00000,0x00000000d5a00000,0x00000000d5b00000)
 ParOldGen       total 668672K, used 621696K [0x0000000080000000, 0x00000000a8d00000, 0x00000000d5580000)
  object space 668672K, 92% used [0x0000000080000000,0x00000000a5f20338,0x00000000a8d00000)
 Metaspace       used 82788K, committed 84736K, reserved 1179648K
  class space    used 8653K, committed 9536K, reserved 1048576K
}
Event: 2370.371 GC heap after
{Heap after GC invocations=657 (full 4):
 PSYoungGen      total 5632K, used 900K [0x00000000d5580000, 0x00000000d5c00000, 0x0000000100000000)
  eden space 4608K, 0% used [0x00000000d5580000,0x00000000d5580000,0x00000000d5a00000)
  from space 1024K, 87% used [0x00000000d5a00000,0x00000000d5ae1210,0x00000000d5b00000)
  to   space 1024K, 0% used [0x00000000d5b00000,0x00000000d5b00000,0x00000000d5c00000)
 ParOldGen       total 668672K, used 622256K [0x0000000080000000, 0x00000000a8d00000, 0x00000000d5580000)
  object space 668672K, 93% used [0x0000000080000000,0x00000000a5fac368,0x00000000a8d00000)
 Metaspace       used 82788K, committed 84736K, reserved 1179648K
  class space    used 8653K, committed 9536K, reserved 1048576K
}

